[Browsers] Scanning directory (C:\Users\)
[Other] Grabbing steam
[Other] Grabbing telegram
[Other] Grabbing discord tokens
[Other] Grabbing filezilla
[Other] Screenshots:
-\\.\DISPLAY2
[Other] Clipboard
[Other] Saving system information
[Browsers] Scanned elements: 57110
[Browsers] Grabbing cookies
[Cookies] Elements: 33
[Cookies] Processing: C:\Users\mysou\Documents\Rockstar Games\Social Club\Launcher\Renderer\Cookies
[Cookies] Temp DB: C:\Users\mysou\AppData\Local\Temp\nDq7RH5Uwz
[Cookies] DB Rows: 5
[Cookies] Processed: C:\Users\mysou\Documents\Rockstar Games\Social Club\Launcher\Renderer\Cookies
[Cookies] Processing: C:\Users\mysou\Documents\Rockstar Games\Social Club\Launcher\Renderer\Cookies-journal
[Cookies] Temp DB: C:\Users\mysou\AppData\Local\Temp\wm9gOxaaWZ
[Cookies] Error: Ссылка на объект не указывает на экземпляр объекта.
[Cookies] Processed: C:\Users\mysou\Documents\Rockstar Games\Social Club\Launcher\Renderer\Cookies-journal
[Cookies] Processing: C:\Users\mysou\Documents\Rockstar Games\Social Club\Renderer\Cookies
[Cookies] Temp DB: C:\Users\mysou\AppData\Local\Temp\tSUIcrZvxR
[Cookies] DB Rows: 4
[Cookies] Processed: C:\Users\mysou\Documents\Rockstar Games\Social Club\Renderer\Cookies
[Cookies] Processing: C:\Users\mysou\Documents\Rockstar Games\Social Club\Renderer\Cookies-journal
[Cookies] Temp DB: C:\Users\mysou\AppData\Local\Temp\qfEjyi26nr
[Cookies] Error: Ссылка на объект не указывает на экземпляр объекта.
[Cookies] Processed: C:\Users\mysou\Documents\Rockstar Games\Social Club\Renderer\Cookies-journal
[Cookies] Processing: C:\Users\mysou\MicrosoftEdgeBackups\backups\MicrosoftEdgeBackup20210316\MicrosoftEdgeCookiesBackup.dat
[Cookies] Invalid DB: C:\Users\mysou\MicrosoftEdgeBackups\backups\MicrosoftEdgeBackup20210316\MicrosoftEdgeCookiesBackup.dat
[Cookies] Processing: C:\Users\mysou\AppData\Roaming\discord\Cookies
[Cookies] Temp DB: C:\Users\mysou\AppData\Local\Temp\h1VMvpaNrR
[Cookies] DB Rows: 2
[Cookies] Processed: C:\Users\mysou\AppData\Roaming\discord\Cookies
[Cookies] Processing: C:\Users\mysou\AppData\Roaming\discord\Cookies-journal
[Cookies] Temp DB: C:\Users\mysou\AppData\Local\Temp\O8xw2Ea7sO
[Cookies] Error: Ссылка на объект не указывает на экземпляр объекта.
[Cookies] Processed: C:\Users\mysou\AppData\Roaming\discord\Cookies-journal
[Cookies] Processing: C:\Users\mysou\AppData\Roaming\game-center-electron\Cookies
[Cookies] Temp DB: C:\Users\mysou\AppData\Local\Temp\ilXy0ss0mx
[Cookies] DB Rows: 3
[Cookies] Processed: C:\Users\mysou\AppData\Roaming\game-center-electron\Cookies
[Cookies] Processing: C:\Users\mysou\AppData\Roaming\game-center-electron\Cookies-journal
[Cookies] Temp DB: C:\Users\mysou\AppData\Local\Temp\gwpnllWM9H
[Cookies] Error: Ссылка на объект не указывает на экземпляр объекта.
[Cookies] Processed: C:\Users\mysou\AppData\Roaming\game-center-electron\Cookies-journal
[Cookies] Processing: C:\Users\mysou\AppData\Local\cloud\User Data\Default\Cookies
[Cookies] Temp DB: C:\Users\mysou\AppData\Local\Temp\0Ad76rsSrt
[Cookies] DB Rows: 7
[Cookies] Processed: C:\Users\mysou\AppData\Local\cloud\User Data\Default\Cookies
[Cookies] Processing: C:\Users\mysou\AppData\Local\cloud\User Data\Default\Cookies-journal
[Cookies] Temp DB: C:\Users\mysou\AppData\Local\Temp\I5dgWD7kk3
[Cookies] Error: Ссылка на объект не указывает на экземпляр объекта.
[Cookies] Processed: C:\Users\mysou\AppData\Local\cloud\User Data\Default\Cookies-journal
[Cookies] Processing: C:\Users\mysou\AppData\Local\cloud\User Data\Default\Extension Cookies
[Cookies] Temp DB: C:\Users\mysou\AppData\Local\Temp\ubSJKRsN8k
[Cookies] DB Rows: 5
[Cookies] Processed: C:\Users\mysou\AppData\Local\cloud\User Data\Default\Extension Cookies
[Cookies] Processing: C:\Users\mysou\AppData\Local\cloud\User Data\Default\Extension Cookies-journal
[Cookies] Temp DB: C:\Users\mysou\AppData\Local\Temp\1IAaI2pliQ
[Cookies] Error: Ссылка на объект не указывает на экземпляр объекта.
[Cookies] Processed: C:\Users\mysou\AppData\Local\cloud\User Data\Default\Extension Cookies-journal
[Cookies] Processing: C:\Users\mysou\AppData\Local\Microsoft\Edge\User Data\Default\Cookies
[Cookies] Temp DB: C:\Users\mysou\AppData\Local\Temp\eqHzz6KQZk
[Cookies] DB Rows: 125
[Cookies] Processed: C:\Users\mysou\AppData\Local\Microsoft\Edge\User Data\Default\Cookies
[Cookies] Processing: C:\Users\mysou\AppData\Local\Microsoft\Edge\User Data\Default\Cookies-journal
[Cookies] Temp DB: C:\Users\mysou\AppData\Local\Temp\HaA46nCkwD
[Cookies] Error: Ссылка на объект не указывает на экземпляр объекта.
[Cookies] Processed: C:\Users\mysou\AppData\Local\Microsoft\Edge\User Data\Default\Cookies-journal
[Cookies] Processing: C:\Users\mysou\AppData\Local\Google\Chrome\User Data\Safe Browsing Cookies
[Cookies] Temp DB: C:\Users\mysou\AppData\Local\Temp\oOCgbsNJ3C
[Cookies] DB Rows: 1
[Cookies] Processed: C:\Users\mysou\AppData\Local\Google\Chrome\User Data\Safe Browsing Cookies
[Cookies] Processing: C:\Users\mysou\AppData\Local\Google\Chrome\User Data\Safe Browsing Cookies-journal
[Cookies] Temp DB: C:\Users\mysou\AppData\Local\Temp\odJ2YBaGIi
[Cookies] Error: Ссылка на объект не указывает на экземпляр объекта.
[Cookies] Processed: C:\Users\mysou\AppData\Local\Google\Chrome\User Data\Safe Browsing Cookies-journal
[Cookies] Processing: C:\Users\mysou\AppData\Local\Google\Chrome\User Data\Default\Cookies
[Cookies] Temp DB: C:\Users\mysou\AppData\Local\Temp\NWtbSr2vo4
[Cookies] DB Rows: 3275
[Cookies] Processed: C:\Users\mysou\AppData\Local\Google\Chrome\User Data\Default\Cookies
[Cookies] Processing: C:\Users\mysou\AppData\Local\Google\Chrome\User Data\Default\Cookies-journal
[Cookies] Temp DB: C:\Users\mysou\AppData\Local\Temp\Lk3nzrWDlW
[Cookies] Error: Ссылка на объект не указывает на экземпляр объекта.
[Cookies] Processed: C:\Users\mysou\AppData\Local\Google\Chrome\User Data\Default\Cookies-journal
[Cookies] Processing: C:\Users\mysou\AppData\Local\Google\Chrome\User Data\Default\Extension Cookies
[Cookies] Temp DB: C:\Users\mysou\AppData\Local\Temp\4oRIf5N5bN
[Cookies] DB Rows: 2
[Cookies] Processed: C:\Users\mysou\AppData\Local\Google\Chrome\User Data\Default\Extension Cookies
[Cookies] Processing: C:\Users\mysou\AppData\Local\Google\Chrome\User Data\Default\Extension Cookies-journal
[Cookies] Temp DB: C:\Users\mysou\AppData\Local\Temp\Ouzbe8ytjG
[Cookies] Error: Ссылка на объект не указывает на экземпляр объекта.
[Cookies] Processed: C:\Users\mysou\AppData\Local\Google\Chrome\User Data\Default\Extension Cookies-journal
[Cookies] Processing: C:\Users\mysou\AppData\Local\Google\Chrome\User Data\Default\Safe Browsing Cookies
[Cookies] Temp DB: C:\Users\mysou\AppData\Local\Temp\rxHwRbLKvX
[Cookies] DB Rows: 1
[Cookies] Processed: C:\Users\mysou\AppData\Local\Google\Chrome\User Data\Default\Safe Browsing Cookies
[Cookies] Processing: C:\Users\mysou\AppData\Local\Google\Chrome\User Data\Default\Safe Browsing Cookies-journal
[Cookies] Temp DB: C:\Users\mysou\AppData\Local\Temp\goatQsrScq
[Cookies] Error: Ссылка на объект не указывает на экземпляр объекта.
[Cookies] Processed: C:\Users\mysou\AppData\Local\Google\Chrome\User Data\Default\Safe Browsing Cookies-journal
[Cookies] Processing: C:\Users\mysou\AppData\Local\NVIDIA Corporation\NVIDIA GeForce Experience\CefCache\Cookies
[Cookies] Temp DB: C:\Users\mysou\AppData\Local\Temp\N3FSZF15im
[Cookies] DB Rows: 5
[Cookies] Processed: C:\Users\mysou\AppData\Local\NVIDIA Corporation\NVIDIA GeForce Experience\CefCache\Cookies
[Cookies] Processing: C:\Users\mysou\AppData\Local\NVIDIA Corporation\NVIDIA GeForce Experience\CefCache\Cookies-journal
[Cookies] Temp DB: C:\Users\mysou\AppData\Local\Temp\hKEKbsxaoA
[Cookies] Error: Ссылка на объект не указывает на экземпляр объекта.
[Cookies] Processed: C:\Users\mysou\AppData\Local\NVIDIA Corporation\NVIDIA GeForce Experience\CefCache\Cookies-journal
[Cookies] Processing: C:\Users\mysou\AppData\Local\NVIDIA Corporation\NVIDIA Notification\CefCache\Cookies
[Cookies] Temp DB: C:\Users\mysou\AppData\Local\Temp\BogIEjTGLw
[Cookies] Error: Ссылка на объект не указывает на экземпляр объекта.
[Cookies] Processed: C:\Users\mysou\AppData\Local\NVIDIA Corporation\NVIDIA Notification\CefCache\Cookies
[Cookies] Processing: C:\Users\mysou\AppData\Local\NVIDIA Corporation\NVIDIA Notification\CefCache\Cookies-journal
[Cookies] Temp DB: C:\Users\mysou\AppData\Local\Temp\RgR22xszWM
[Cookies] Error: Ссылка на объект не указывает на экземпляр объекта.
[Cookies] Processed: C:\Users\mysou\AppData\Local\NVIDIA Corporation\NVIDIA Notification\CefCache\Cookies-journal
[Cookies] Processing: C:\Users\mysou\AppData\Local\NVIDIA Corporation\NVIDIA Share\CefCache\Cookies
[Cookies] Temp DB: C:\Users\mysou\AppData\Local\Temp\jQmIzWjPSh
[Cookies] DB Rows: 4
[Cookies] Processed: C:\Users\mysou\AppData\Local\NVIDIA Corporation\NVIDIA Share\CefCache\Cookies
[Cookies] Processing: C:\Users\mysou\AppData\Local\NVIDIA Corporation\NVIDIA Share\CefCache\Cookies-journal
[Cookies] Temp DB: C:\Users\mysou\AppData\Local\Temp\5QocojW7N0
[Cookies] Error: Ссылка на объект не указывает на экземпляр объекта.
[Cookies] Processed: C:\Users\mysou\AppData\Local\NVIDIA Corporation\NVIDIA Share\CefCache\Cookies-journal
[Cookies] Processing: C:\Users\mysou\AppData\Local\Steam\htmlcache\Cookies
[Cookies] Temp DB: C:\Users\mysou\AppData\Local\Temp\vvuwVB3LSn
[Cookies] DB Rows: 314
[Cookies] Processed: C:\Users\mysou\AppData\Local\Steam\htmlcache\Cookies
[Cookies] Processing: C:\Users\mysou\AppData\Local\Steam\htmlcache\Cookies-journal
[Cookies] Temp DB: C:\Users\mysou\AppData\Local\Temp\avCYSs9Dxn
[Cookies] Error: Ссылка на объект не указывает на экземпляр объекта.
[Cookies] Processed: C:\Users\mysou\AppData\Local\Steam\htmlcache\Cookies-journal
[Cookies] Processing: C:\Users\mysou\AppData\Local\Origin\Origin\QtWebEngine\Default\Cookies
[Cookies] Temp DB: C:\Users\mysou\AppData\Local\Temp\0A1zOTbvlg
[Cookies] Error: Ссылка на объект не указывает на экземпляр объекта.
[Cookies] Processed: C:\Users\mysou\AppData\Local\Origin\Origin\QtWebEngine\Default\Cookies
[Cookies] Processing: C:\Users\mysou\AppData\Local\Origin\Origin\QtWebEngine\Default\Cookies-journal
[Cookies] Temp DB: C:\Users\mysou\AppData\Local\Temp\ayg0wycY7p
[Cookies] Error: Ссылка на объект не указывает на экземпляр объекта.
[Cookies] Processed: C:\Users\mysou\AppData\Local\Origin\Origin\QtWebEngine\Default\Cookies-journal
[Cookies] Elements: 0
[Browsers] Grabbing passwords
[Passwords] Elements: 10
[Passwords] Processing: C:\Users\mysou\AppData\Local\cloud\User Data\Default\Login Data
[Passwords] Temp DB: C:\Users\mysou\AppData\Local\Temp\h6MMB3g7oe
[Passwords] Error: Ссылка на объект не указывает на экземпляр объекта.
[Passwords] Processed: C:\Users\mysou\AppData\Local\cloud\User Data\Default\Login Data
[Passwords] Processing: C:\Users\mysou\AppData\Local\cloud\User Data\Default\Login Data For Account
[Passwords] Temp DB: C:\Users\mysou\AppData\Local\Temp\0s7G5UJE79
[Passwords] Error: Ссылка на объект не указывает на экземпляр объекта.
[Passwords] Processed: C:\Users\mysou\AppData\Local\cloud\User Data\Default\Login Data For Account
[Passwords] Processing: C:\Users\mysou\AppData\Local\cloud\User Data\Default\Login Data For Account-journal
[Passwords] Temp DB: C:\Users\mysou\AppData\Local\Temp\LPWiBmPLme
[Passwords] Error: Ссылка на объект не указывает на экземпляр объекта.
[Passwords] Processed: C:\Users\mysou\AppData\Local\cloud\User Data\Default\Login Data For Account-journal
[Passwords] Processing: C:\Users\mysou\AppData\Local\cloud\User Data\Default\Login Data-journal
[Passwords] Temp DB: C:\Users\mysou\AppData\Local\Temp\PlGIF4ypxU
[Passwords] Error: Ссылка на объект не указывает на экземпляр объекта.
[Passwords] Processed: C:\Users\mysou\AppData\Local\cloud\User Data\Default\Login Data-journal
[Passwords] Processing: C:\Users\mysou\AppData\Local\Microsoft\Edge\User Data\Default\Login Data
[Passwords] Temp DB: C:\Users\mysou\AppData\Local\Temp\wdGHps0Z5b
[Passwords] Error: Ссылка на объект не указывает на экземпляр объекта.
[Passwords] Processed: C:\Users\mysou\AppData\Local\Microsoft\Edge\User Data\Default\Login Data
[Passwords] Processing: C:\Users\mysou\AppData\Local\Microsoft\Edge\User Data\Default\Login Data-journal
[Passwords] Temp DB: C:\Users\mysou\AppData\Local\Temp\oYa8dSknKY
[Passwords] Error: Ссылка на объект не указывает на экземпляр объекта.
[Passwords] Processed: C:\Users\mysou\AppData\Local\Microsoft\Edge\User Data\Default\Login Data-journal
[Passwords] Processing: C:\Users\mysou\AppData\Local\Google\Chrome\User Data\Default\Login Data
[Passwords] Temp DB: C:\Users\mysou\AppData\Local\Temp\oVVJOOlzBA
[Passwords] DB Rows: 191
[Passwords] Processed: C:\Users\mysou\AppData\Local\Google\Chrome\User Data\Default\Login Data
[Passwords] Processing: C:\Users\mysou\AppData\Local\Google\Chrome\User Data\Default\Login Data For Account
[Passwords] Temp DB: C:\Users\mysou\AppData\Local\Temp\MrIP2TwzPL
[Passwords] Error: Ссылка на объект не указывает на экземпляр объекта.
[Passwords] Processed: C:\Users\mysou\AppData\Local\Google\Chrome\User Data\Default\Login Data For Account
[Passwords] Processing: C:\Users\mysou\AppData\Local\Google\Chrome\User Data\Default\Login Data For Account-journal
[Passwords] Temp DB: C:\Users\mysou\AppData\Local\Temp\z1LIoxUKfY
[Passwords] Error: Ссылка на объект не указывает на экземпляр объекта.
[Passwords] Processed: C:\Users\mysou\AppData\Local\Google\Chrome\User Data\Default\Login Data For Account-journal
[Passwords] Processing: C:\Users\mysou\AppData\Local\Google\Chrome\User Data\Default\Login Data-journal
[Passwords] Temp DB: C:\Users\mysou\AppData\Local\Temp\qbI62bGAY4
[Passwords] Error: Ссылка на объект не указывает на экземпляр объекта.
[Passwords] Processed: C:\Users\mysou\AppData\Local\Google\Chrome\User Data\Default\Login Data-journal
[Passwords] Elements: 0
[Browsers] Grabbing forms
[Forms] Elements: 6
[Forms] Processing: C:\Users\mysou\AppData\Local\cloud\User Data\Default\Web Data
[Forms] Temp DB: C:\Users\mysou\AppData\Local\Temp\5LHxvwKUv1
[Forms] Error: Ссылка на объект не указывает на экземпляр объекта.
[Forms] Processed: C:\Users\mysou\AppData\Local\cloud\User Data\Default\Web Data
[Forms] Processing: C:\Users\mysou\AppData\Local\cloud\User Data\Default\Web Data-journal
[Forms] Temp DB: C:\Users\mysou\AppData\Local\Temp\myFKUXDdLN
[Forms] Error: Ссылка на объект не указывает на экземпляр объекта.
[Forms] Processed: C:\Users\mysou\AppData\Local\cloud\User Data\Default\Web Data-journal
[Forms] Processing: C:\Users\mysou\AppData\Local\Microsoft\Edge\User Data\Default\Web Data
[Forms] Temp DB: C:\Users\mysou\AppData\Local\Temp\qV816viLWb
[Forms] Error: Ссылка на объект не указывает на экземпляр объекта.
[Forms] Processed: C:\Users\mysou\AppData\Local\Microsoft\Edge\User Data\Default\Web Data
[Forms] Processing: C:\Users\mysou\AppData\Local\Microsoft\Edge\User Data\Default\Web Data-journal
[Forms] Temp DB: C:\Users\mysou\AppData\Local\Temp\MvbVPotXW2
[Forms] Error: Ссылка на объект не указывает на экземпляр объекта.
[Forms] Processed: C:\Users\mysou\AppData\Local\Microsoft\Edge\User Data\Default\Web Data-journal
[Forms] Processing: C:\Users\mysou\AppData\Local\Google\Chrome\User Data\Default\Web Data
[Forms] Temp DB: C:\Users\mysou\AppData\Local\Temp\n9Zow2V8mf
[Forms] DB Rows: 377
[Forms] Processed: C:\Users\mysou\AppData\Local\Google\Chrome\User Data\Default\Web Data
[Forms] Processing: C:\Users\mysou\AppData\Local\Google\Chrome\User Data\Default\Web Data-journal
[Forms] Invalid DB: C:\Users\mysou\AppData\Local\Google\Chrome\User Data\Default\Web Data-journal
[Forms] Elements: 0
[Browsers] Grabbing CC
[CC] Elements: 6
[CC] Processing: C:\Users\mysou\AppData\Local\cloud\User Data\Default\Web Data
[CC] Temp DB: C:\Users\mysou\AppData\Local\Temp\NjNQ19N87U
[CC] Error: Ссылка на объект не указывает на экземпляр объекта.
[CC] Processed: C:\Users\mysou\AppData\Local\cloud\User Data\Default\Web Data
[CC] Processing: C:\Users\mysou\AppData\Local\cloud\User Data\Default\Web Data-journal
[CC] Temp DB: C:\Users\mysou\AppData\Local\Temp\o0Wu4pnpGT
[CC] Error: Ссылка на объект не указывает на экземпляр объекта.
[CC] Processed: C:\Users\mysou\AppData\Local\cloud\User Data\Default\Web Data-journal
[CC] Processing: C:\Users\mysou\AppData\Local\Microsoft\Edge\User Data\Default\Web Data
[CC] Temp DB: C:\Users\mysou\AppData\Local\Temp\kr6TFDajj1
[CC] Error: Ссылка на объект не указывает на экземпляр объекта.
[CC] Processed: C:\Users\mysou\AppData\Local\Microsoft\Edge\User Data\Default\Web Data
[CC] Processing: C:\Users\mysou\AppData\Local\Microsoft\Edge\User Data\Default\Web Data-journal
[CC] Temp DB: C:\Users\mysou\AppData\Local\Temp\Dj6QHqbdgW
[CC] Error: Ссылка на объект не указывает на экземпляр объекта.
[CC] Processed: C:\Users\mysou\AppData\Local\Microsoft\Edge\User Data\Default\Web Data-journal
[CC] Processing: C:\Users\mysou\AppData\Local\Google\Chrome\User Data\Default\Web Data
[CC] Temp DB: C:\Users\mysou\AppData\Local\Temp\ooBE95flE6
[CC] Error: Ссылка на объект не указывает на экземпляр объекта.
[CC] Processed: C:\Users\mysou\AppData\Local\Google\Chrome\User Data\Default\Web Data
[CC] Processing: C:\Users\mysou\AppData\Local\Google\Chrome\User Data\Default\Web Data-journal
[CC] Invalid DB: C:\Users\mysou\AppData\Local\Google\Chrome\User Data\Default\Web Data-journal

Work results:
-[SteamProfileURL]: https://steamcommunity.com/profiles/76561198366125333
-[DiscordTokensCount]: 0
-[CookiesCount]: 3720
-[CookiesDBCount]: 8
-[PasswordsCount]: 191
-[PasswordsDBCount]: 1
-[FormsCount]: 377
-[FormsDBCount]: 1
-[CCCount]: 0
-[CCDBCount]: 0

Saving log...